
ROM used: 970 (1%)
          2052 (3%) including unused fragments

          1 Average locations per line
          13 Average locations per statement

RAM used: 6 (0%) at main() level
          82 (2%) worst case

Stack used: 4 worst case (out of 31 total available)

Lines Stmts  %   Files
----- ----- ---  -----
  333    77 100  bootloader.c
  604     0   0  18LF46K22.h
   59     0   0  types.h
----- -----
  996    77 Total

Page ROM  %  RAM   Vol Diff  Functions:
---- --- --- ---   --- ----  ----------
0     64   3   1             @@PUTCHAR_1_
0     68   4   1             @@GETCH_1_
0     22   1   0             @@GETCH_BIU_2
0     72   4   6   408  7.1  get_hexbyte
0     46   2   5   236  5.5  check_checksum
0    300  15  68  1684 10.2  bootloader
0     32   2   0             @@FLASHWR
0     66   3   7             @@WRITE_PROGRAM_MEMORY
0      4   0   0    20  1.3  application
0    112   6   4   423  5.6  timed_getc
0    110   6   0   242  3.5  MAIN
0     24   1   0             @const124
0     34   2   2             @@PSTRINGC_9600_31774_31775
0      6   0   0    17  1.1  isr_high
0      6   0   0    17  1.1  isr_low
 Inline        0             @cinit1

Program metrics:
    Functions               8
    Statements              77
    Comments                225
    Volume (V)              4184
    Difficulty (D)          35.5
    Effort to implement (E) 148348
    Time to implement (T)   2 hours, 17 minutes
    Est Delivered Bugs (B)  1
    Cyclomatic Complexity   13
    Maintainability (MI)    148

 Segment     Used  Free
-----------  ----  ----
00000-00006     4  4  
00008-00016     6  10  
00018-00028     6  12  
0002A-007FE   950  1056  
00800-00802     4  0  
00804-0FFFE     0  63484  



