
ROM used: 752 (37%)
          752 (37%) including unused fragments

          2 Average locations per line
          30 Average locations per statement

RAM used: 4 (3%) at main() level
          27 (21%) worst case

Stack used: 2 worst case (out of 8 total available)

Lines Stmts  %   Files
----- ----- ---  -----
   64    25 100  main.c
  278     0   0  12F683.h
----- -----
  342    25 Total

Page ROM  %  RAM   Vol Diff  Functions:
---- --- --- ---   --- ----  ----------
0     19   3   1             @delay_ms1
0     52   7   1             @I2C_WRITE_1
0     39   5   1    86  1.3  set_digital_pot
0    143  19   0   507  5.2  MAIN
0     29   4   2             @ITOF
0    117  16  13             @MULFF
0    318  42  16             @ADDFF
0     31   4   4             @SFTOI
 Inline        0             @cinit1

Program metrics:
    Functions               2
    Statements              25
    Comments                100
    Volume (V)              689
    Difficulty (D)          5.7
    Effort to implement (E) 3940
    Time to implement (T)   4 minutes
    Est Delivered Bugs (B)  0
    Cyclomatic Complexity   2
    Maintainability (MI)    50

 Segment     Used  Free
-----------  ----  ----
00000-00003     4  0  
00004-007FF   748  1296  



