
ROM used: 1036 (2%)
          2052 (3%) including unused fragments

          1 Average locations per line
          13 Average locations per statement

RAM used: 6 (0%) at main() level
          82 (2%) worst case

Stack used: 4 worst case (out of 31 total available)

Lines Stmts  %   Files
----- ----- ---  -----
  342    80 100  bootloader_FLX.c
  604     0   0  18LF46K22.h
   59     0   0  types.h
----- -----
 1005    80 Total

Page ROM  %  RAM   Vol Diff  Functions:
---- --- --- ---   --- ----  ----------
0     64   3   1             @@PUTCHAR_1_
0     68   3   1             @@GETCH_1_
0     22   1   0             @@GETCH_BIU_2
0     72   3   6   408  7.1  get_hexbyte
0     46   2   5   236  5.5  check_checksum
0    300  14  68  1684 10.2  bootloader
0     32   2   0             @@FLASHWR
0     66   3   7             @@WRITE_PROGRAM_MEMORY
0      4   0   0    20  1.3  application
0    112   5   4   423  5.6  timed_getc
0    132   6   0   330  3.6  MAIN
0     12   1   0             @const123
0     32   2   2             @@PSTRINGC_82
0     24   1   0             @const126
0     34   2   2             @@PSTRINGC_9600_31774_31775
0      6   0   0    17  1.1  isr_high
0      6   0   0    17  1.1  isr_low
 Inline        0             @cinit1

Program metrics:
    Functions               8
    Statements              80
    Comments                225
    Volume (V)              4322
    Difficulty (D)          35.3
    Effort to implement (E) 152483
    Time to implement (T)   2 hours, 21 minutes
    Est Delivered Bugs (B)  1
    Cyclomatic Complexity   13
    Maintainability (MI)    147

 Segment     Used  Free
-----------  ----  ----
00000-00006     4  4  
00008-00016     6  10  
00018-00028     6  12  
0002A-007FE  1016  990  
00800-00802     4  0  
00804-0FFFE     0  63484  



